<?xml version="1.0" encoding="UTF-8"?>
<!-- Generated by org.testng.reporters.JUnitReportReporter -->
<testsuite hostname="Nexsoft" failures="0" tests="1" name="runner.HRISPagePromotionRunner" time="14.815" errors="0" timestamp="2022-07-13T06:34:50 ICT" skipped="0">
  <testcase classname="runner.HRISPagePromotionRunner" name="runScenario" time="14.815"/>
  <system-out/>
</testsuite> <!-- runner.HRISPagePromotionRunner -->
