<?xml version="1.0" encoding="UTF-8"?>
<!-- Generated by org.testng.reporters.JUnitReportReporter -->
<testsuite hostname="Nexsoft" failures="0" tests="20" name="runner.promotion.HRISPagePromotionSalary" time="1037.719" errors="0" timestamp="2022-07-14T16:27:29 ICT" skipped="0">
  <testcase classname="runner.promotion.HRISPagePromotionSalary" name="runScenario" time="53.328"/>
  <system-out/>
  <testcase classname="runner.promotion.HRISPagePromotionSalary" name="runScenario" time="51.676"/>
  <system-out/>
  <testcase classname="runner.promotion.HRISPagePromotionSalary" name="runScenario" time="50.744"/>
  <system-out/>
  <testcase classname="runner.promotion.HRISPagePromotionSalary" name="runScenario" time="51.103"/>
  <system-out/>
  <testcase classname="runner.promotion.HRISPagePromotionSalary" name="runScenario" time="52.220"/>
  <system-out/>
  <testcase classname="runner.promotion.HRISPagePromotionSalary" name="runScenario" time="51.557"/>
  <system-out/>
  <testcase classname="runner.promotion.HRISPagePromotionSalary" name="runScenario" time="50.426"/>
  <system-out/>
  <testcase classname="runner.promotion.HRISPagePromotionSalary" name="runScenario" time="53.923"/>
  <system-out/>
  <testcase classname="runner.promotion.HRISPagePromotionSalary" name="runScenario" time="54.098"/>
  <system-out/>
  <testcase classname="runner.promotion.HRISPagePromotionSalary" name="runScenario" time="52.288"/>
  <system-out/>
  <testcase classname="runner.promotion.HRISPagePromotionSalary" name="runScenario" time="50.719"/>
  <system-out/>
  <testcase classname="runner.promotion.HRISPagePromotionSalary" name="runScenario" time="51.767"/>
  <system-out/>
  <testcase classname="runner.promotion.HRISPagePromotionSalary" name="runScenario" time="50.623"/>
  <system-out/>
  <testcase classname="runner.promotion.HRISPagePromotionSalary" name="runScenario" time="51.371"/>
  <system-out/>
  <testcase classname="runner.promotion.HRISPagePromotionSalary" name="runScenario" time="52.723"/>
  <system-out/>
  <testcase classname="runner.promotion.HRISPagePromotionSalary" name="runScenario" time="52.977"/>
  <system-out/>
  <testcase classname="runner.promotion.HRISPagePromotionSalary" name="runScenario" time="52.525"/>
  <system-out/>
  <testcase classname="runner.promotion.HRISPagePromotionSalary" name="runScenario" time="51.615"/>
  <system-out/>
  <testcase classname="runner.promotion.HRISPagePromotionSalary" name="runScenario" time="51.378"/>
  <system-out/>
  <testcase classname="runner.promotion.HRISPagePromotionSalary" name="runScenario" time="50.658"/>
  <system-out/>
</testsuite> <!-- runner.promotion.HRISPagePromotionSalary -->
