<?xml version="1.0" encoding="UTF-8"?>
<!-- Generated by org.testng.reporters.JUnitReportReporter -->
<testsuite hostname="Nexsoft" failures="0" tests="6" name="runner.HRISLoginRunner" time="48.718" errors="0" timestamp="2022-07-05T05:03:31 ICT" skipped="0">
  <testcase classname="runner.HRISLoginRunner" name="runScenario" time="7.382"/>
  <system-out/>
  <testcase classname="runner.HRISLoginRunner" name="runScenario" time="7.088"/>
  <system-out/>
  <testcase classname="runner.HRISLoginRunner" name="runScenario" time="6.935"/>
  <system-out/>
  <testcase classname="runner.HRISLoginRunner" name="runScenario" time="6.370"/>
  <system-out/>
  <testcase classname="runner.HRISLoginRunner" name="runScenario" time="6.908"/>
  <system-out/>
  <testcase classname="runner.HRISLoginRunner" name="runScenario" time="14.035"/>
  <system-out/>
</testsuite> <!-- runner.HRISLoginRunner -->
