<?xml version="1.0" encoding="UTF-8"?>
<!-- Generated by org.testng.reporters.JUnitReportReporter -->
<testsuite hostname="Nexsoft" failures="0" tests="2" name="runner.HRISPagePengajuanRunner" time="27.089" errors="0" timestamp="2022-07-05T06:06:11 ICT" skipped="0">
  <testcase classname="runner.HRISPagePengajuanRunner" name="runScenario" time="12.695"/>
  <system-out/>
  <testcase classname="runner.HRISPagePengajuanRunner" name="runScenario" time="14.394"/>
  <system-out/>
</testsuite> <!-- runner.HRISPagePengajuanRunner -->
